ASSERTION	AAEDAAEFAAAAAAAAwFdAAwAAAAAAAGr4QA==
ASSERTION	AAICAAMBAAAAAAAAABRA
ASSERTION	AAECAAICAAAAAAAAwFdA
RUN	performance.com.assignment.rewards.points.PointsSimulation	pointssimulation	1667908134880	 	3.7.3
USER	PointsCalcBySingleMonth	START	1667908136775
USER	PointsCalcBySingleMonth	START	1667908136775
USER	PointsCalcBySingleMonth	START	1667908136775
USER	PointsCalcBySingleMonth	START	1667908136775
USER	PointsCalcBySingleMonth	START	1667908136776
USER	PointsCalcBySingleMonth	START	1667908136776
USER	PointsCalcBySingleMonth	START	1667908136775
USER	PointsCalcBySingleMonth	START	1667908136775
USER	PointsCalcBySingleMonth	START	1667908136775
USER	PointsCalcBySingleMonth	START	1667908136775
REQUEST		PointsPerMonth	1667908136827	1667908137194	OK	 
REQUEST		PointsPerMonth	1667908136827	1667908137180	OK	 
REQUEST		PointsPerMonth	1667908136826	1667908137180	OK	 
REQUEST		PointsPerMonth	1667908136827	1667908137180	OK	 
REQUEST		PointsPerMonth	1667908136828	1667908137180	OK	 
REQUEST		PointsPerMonth	1667908136826	1667908137180	OK	 
REQUEST		PointsPerMonth	1667908136826	1667908137180	OK	 
REQUEST		PointsPerMonth	1667908136827	1667908137184	OK	 
REQUEST		PointsPerMonth	1667908136826	1667908137184	OK	 
REQUEST		PointsPerMonth	1667908136827	1667908137180	OK	 
USER	PointsCalcBySingleMonth	END	1667908137348
USER	PointsCalcBySingleMonth	END	1667908137348
USER	PointsCalcBySingleMonth	END	1667908137348
USER	PointsCalcBySingleMonth	END	1667908137348
USER	PointsCalcBySingleMonth	END	1667908137348
USER	PointsCalcBySingleMonth	END	1667908137348
USER	PointsCalcBySingleMonth	END	1667908137348
USER	PointsCalcBySingleMonth	END	1667908137348
USER	PointsCalcBySingleMonth	END	1667908137348
USER	PointsCalcBySingleMonth	END	1667908137348
USER	PointsCalcByRange	START	1667908137774
USER	PointsCalcByRange	START	1667908137775
USER	PointsCalcByRange	START	1667908137775
USER	PointsCalcByRange	START	1667908137776
USER	PointsCalcByRange	START	1667908137774
USER	PointsCalcByRange	START	1667908137782
USER	PointsCalcByRange	START	1667908137773
USER	PointsCalcByRange	START	1667908137796
USER	PointsCalcByRange	START	1667908137802
USER	PointsCalcByRange	START	1667908137783
REQUEST		PointsPerMonth	1667908137775	1667908137822	OK	 
USER	PointsCalcByRange	END	1667908137825
REQUEST		PointsPerMonth	1667908137783	1667908137837	OK	 
USER	PointsCalcByRange	END	1667908137840
REQUEST		PointsPerMonth	1667908137797	1667908137853	OK	 
REQUEST		PointsPerMonth	1667908137775	1667908137858	OK	 
REQUEST		PointsPerMonth	1667908137774	1667908137861	OK	 
USER	PointsCalcByRange	END	1667908137856
USER	PointsCalcByRange	END	1667908137861
USER	PointsCalcByRange	END	1667908137863
REQUEST		PointsPerMonth	1667908137776	1667908137866	OK	 
REQUEST		PointsPerMonth	1667908137804	1667908137865	OK	 
USER	PointsCalcByRange	END	1667908137869
USER	PointsCalcByRange	END	1667908137869
REQUEST		PointsPerMonth	1667908137775	1667908137874	OK	 
USER	PointsCalcByRange	END	1667908137877
REQUEST		PointsPerMonth	1667908137774	1667908137884	OK	 
USER	PointsCalcByRange	END	1667908137886
REQUEST		PointsPerMonth	1667908137784	1667908137895	OK	 
USER	PointsCalcByRange	END	1667908137897
