ASSERTION	AAEDAAEFAAAAAAAAwFdAAwAAAAAAAGr4QA==
ASSERTION	AAICAAMBAAAAAAAAABRA
ASSERTION	AAECAAICAAAAAAAAwFdA
RUN	performance.com.assignment.rewards.points.PointsSimulation	pointssimulation	1667907673279	 	3.7.3
USER	PointsCalcBySingleMonth	START	1667907675309
USER	PointsCalcBySingleMonth	START	1667907675309
USER	PointsCalcBySingleMonth	START	1667907675309
USER	PointsCalcBySingleMonth	START	1667907675309
USER	PointsCalcBySingleMonth	START	1667907675309
USER	PointsCalcBySingleMonth	START	1667907675309
USER	PointsCalcBySingleMonth	START	1667907675309
USER	PointsCalcBySingleMonth	START	1667907675309
USER	PointsCalcBySingleMonth	START	1667907675309
USER	PointsCalcBySingleMonth	START	1667907675309
REQUEST		PointsPerMonth	1667907675376	1667907675792	KO	status.find.transform.is(200), but actually found 404
REQUEST		PointsPerMonth	1667907675377	1667907675792	KO	status.find.transform.is(200), but actually found 404
REQUEST		PointsPerMonth	1667907675377	1667907675793	KO	status.find.transform.is(200), but actually found 404
REQUEST		PointsPerMonth	1667907675377	1667907675792	KO	status.find.transform.is(200), but actually found 404
REQUEST		PointsPerMonth	1667907675376	1667907675792	KO	status.find.transform.is(200), but actually found 404
REQUEST		PointsPerMonth	1667907675378	1667907675793	KO	status.find.transform.is(200), but actually found 404
REQUEST		PointsPerMonth	1667907675377	1667907675792	KO	status.find.transform.is(200), but actually found 404
REQUEST		PointsPerMonth	1667907675376	1667907675793	KO	status.find.transform.is(200), but actually found 404
REQUEST		PointsPerMonth	1667907675376	1667907675792	KO	status.find.transform.is(200), but actually found 404
REQUEST		PointsPerMonth	1667907675378	1667907675792	KO	status.find.transform.is(200), but actually found 404
USER	PointsCalcBySingleMonth	END	1667907676009
USER	PointsCalcBySingleMonth	END	1667907676009
USER	PointsCalcBySingleMonth	END	1667907676009
USER	PointsCalcBySingleMonth	END	1667907676009
USER	PointsCalcBySingleMonth	END	1667907676009
USER	PointsCalcBySingleMonth	END	1667907676009
USER	PointsCalcBySingleMonth	END	1667907676010
USER	PointsCalcBySingleMonth	END	1667907676011
USER	PointsCalcBySingleMonth	END	1667907676012
USER	PointsCalcBySingleMonth	END	1667907676011
USER	PointsCalcByRange	START	1667907676297
USER	PointsCalcByRange	START	1667907676298
USER	PointsCalcByRange	START	1667907676299
USER	PointsCalcByRange	START	1667907676297
USER	PointsCalcByRange	START	1667907676307
USER	PointsCalcByRange	START	1667907676309
USER	PointsCalcByRange	START	1667907676296
USER	PointsCalcByRange	START	1667907676296
USER	PointsCalcByRange	START	1667907676296
REQUEST		PointsPerMonth	1667907676308	1667907676339	KO	status.find.transform.is(200), but actually found 404
REQUEST		PointsPerMonth	1667907676307	1667907676340	KO	status.find.transform.is(200), but actually found 404
USER	PointsCalcByRange	END	1667907676342
USER	PointsCalcByRange	END	1667907676343
REQUEST		PointsPerMonth	1667907676304	1667907676344	KO	status.find.transform.is(200), but actually found 404
REQUEST		PointsPerMonth	1667907676300	1667907676345	KO	status.find.transform.is(200), but actually found 404
USER	PointsCalcByRange	END	1667907676347
USER	PointsCalcByRange	END	1667907676347
USER	PointsCalcByRange	START	1667907676297
REQUEST		PointsPerMonth	1667907676298	1667907676353	KO	status.find.transform.is(200), but actually found 404
REQUEST		PointsPerMonth	1667907676298	1667907676353	KO	status.find.transform.is(200), but actually found 404
USER	PointsCalcByRange	END	1667907676355
USER	PointsCalcByRange	END	1667907676355
REQUEST		PointsPerMonth	1667907676310	1667907676359	KO	status.find.transform.is(200), but actually found 404
USER	PointsCalcByRange	END	1667907676363
REQUEST		PointsPerMonth	1667907676316	1667907676376	KO	status.find.transform.is(200), but actually found 404
USER	PointsCalcByRange	END	1667907676379
REQUEST		PointsPerMonth	1667907676298	1667907676389	KO	status.find.transform.is(200), but actually found 404
REQUEST		PointsPerMonth	1667907676297	1667907676391	KO	status.find.transform.is(200), but actually found 404
USER	PointsCalcByRange	END	1667907676392
USER	PointsCalcByRange	END	1667907676393
